<?xml version="1.0" encoding="UTF-8"?>
<!-- Generated by org.testng.reporters.JUnitReportReporter -->
<testsuite hostname="Srujanika-VAIO" failures="0" tests="1" name="scripts.Testcase3" time="29.613" errors="0" timestamp="2022-05-22T19:22:35 IST" skipped="0">
  <testcase classname="scripts.Testcase3" name="tc3" time="29.613"/>
  <system-out/>
</testsuite> <!-- scripts.Testcase3 -->
