<?xml version="1.0" encoding="UTF-8"?>
<!-- Generated by org.testng.reporters.JUnitReportReporter -->
<testsuite hostname="Srujanika-VAIO" failures="0" tests="1" name="scripts.Testcase2" time="16.549" errors="0" timestamp="2022-05-22T19:22:35 IST" skipped="0">
  <testcase classname="scripts.Testcase2" name="tc2" time="16.549"/>
  <system-out/>
</testsuite> <!-- scripts.Testcase2 -->
