<?xml version="1.0" encoding="UTF-8"?>
<!-- Generated by org.testng.reporters.JUnitReportReporter -->
<testsuite hostname="Srujanika-VAIO" failures="0" tests="1" name="scripts.Testcase3" time="23.889" errors="0" timestamp="2022-05-21T08:08:09 IST" skipped="0">
  <testcase classname="scripts.Testcase3" name="tc3" time="23.889"/>
  <system-out/>
</testsuite> <!-- scripts.Testcase3 -->
