<?xml version="1.0" encoding="UTF-8"?>
<!-- Generated by org.testng.reporters.JUnitReportReporter -->
<testsuite hostname="Srujanika-VAIO" failures="0" tests="1" name="scripts.Testcase1" time="10.542" errors="0" timestamp="2022-05-21T08:08:09 IST" skipped="0">
  <testcase classname="scripts.Testcase1" name="tc1" time="10.542"/>
  <system-out/>
</testsuite> <!-- scripts.Testcase1 -->
