<?xml version="1.0" encoding="UTF-8"?>
<!-- Generated by org.testng.reporters.JUnitReportReporter -->
<testsuite hostname="Srujanika-VAIO" failures="0" tests="1" name="scripts.Testcase2" time="16.666" errors="0" timestamp="2022-05-21T08:08:09 IST" skipped="0">
  <testcase classname="scripts.Testcase2" name="tc2" time="16.666"/>
  <system-out/>
</testsuite> <!-- scripts.Testcase2 -->
