<?xml version="1.0" encoding="UTF-8"?>
<!-- Generated by org.testng.reporters.JUnitReportReporter -->
<testsuite hostname="Srujanika-VAIO" failures="0" tests="1" name="scripts.Testcase1" time="9.610" errors="0" timestamp="2022-05-22T19:22:35 IST" skipped="0">
  <testcase classname="scripts.Testcase1" name="tc1" time="9.610"/>
  <system-out/>
</testsuite> <!-- scripts.Testcase1 -->
